"x86_64-apple-darwin13.4.0-clang -o conftest -I/Users/cmartino/miniconda3/include/ruby-2.6.0/x86_64-darwin17 -I/Users/cmartino/miniconda3/include/ruby-2.6.0/ruby/backward -I/Users/cmartino/miniconda3/include/ruby-2.6.0 -I. -D_FORTIFY_SOURCE=2 -mmacosx-version-min=10.9 -I/Users/cmartino/miniconda3 -D_XOPEN_SOURCE -D_DARWIN_C_SOURCE -D_DARWIN_UNLIMITED_SELECT -D_REENTRANT   -march=core2 -mtune=haswell -mssse3 -ftree-vectorize -fPIC -fPIE -fstack-protector-strong -O2 -pipe -I/Users/cmartino/miniconda3/include -fdebug-prefix-map=/usr/local/miniconda/conda-bld/ruby_1570379348315/work=/usr/local/src/conda/ruby-2.6.5 -fdebug-prefix-map=/Users/cmartino/miniconda3=/usr/local/src/conda-prefix -fno-common conftest.c  -L. -L/Users/cmartino/miniconda3/lib -L. -Wl,-pie -Wl,-headerpad_max_install_names -Wl,-dead_strip_dylibs -Wl,-rpath,/Users/cmartino/miniconda3/lib -L/Users/cmartino/miniconda3/lib -fstack-protector-strong -L/usr/local/miniconda/conda-bld/ruby_1570379348315/_build_env/lib/clang/4.0.1/lib     -lruby.2.6   "
ld: warning: directory not found for option '-L/usr/local/miniconda/conda-bld/ruby_1570379348315/_build_env/lib/clang/4.0.1/lib'
ld: warning: ignoring file /Library/Developer/CommandLineTools/SDKs/MacOSX10.14.sdk/usr/lib/libSystem.tbd, file was built for unsupported file format ( 0x2D 0x2D 0x2D 0x20 0x21 0x74 0x61 0x70 0x69 0x2D 0x74 0x62 0x64 0x2D 0x76 0x33 ) which is not the architecture being linked (x86_64): /Library/Developer/CommandLineTools/SDKs/MacOSX10.14.sdk/usr/lib/libSystem.tbd
checked program was:
/* begin */
1: #include "ruby.h"
2: 
3: int main(int argc, char **argv)
4: {
5:   return 0;
6: }
/* end */

"pkg-config --exists openssl"
package configuration for openssl is not found
have_library: checking for -lcrypto... -------------------- no

"x86_64-apple-darwin13.4.0-clang -o conftest -I/Users/cmartino/miniconda3/include/ruby-2.6.0/x86_64-darwin17 -I/Users/cmartino/miniconda3/include/ruby-2.6.0/ruby/backward -I/Users/cmartino/miniconda3/include/ruby-2.6.0 -I. -D_FORTIFY_SOURCE=2 -mmacosx-version-min=10.9 -I/Users/cmartino/miniconda3 -D_XOPEN_SOURCE -D_DARWIN_C_SOURCE -D_DARWIN_UNLIMITED_SELECT -D_REENTRANT   -march=core2 -mtune=haswell -mssse3 -ftree-vectorize -fPIC -fPIE -fstack-protector-strong -O2 -pipe -I/Users/cmartino/miniconda3/include -fdebug-prefix-map=/usr/local/miniconda/conda-bld/ruby_1570379348315/work=/usr/local/src/conda/ruby-2.6.5 -fdebug-prefix-map=/Users/cmartino/miniconda3=/usr/local/src/conda-prefix -fno-common conftest.c  -L. -L/Users/cmartino/miniconda3/lib -L. -Wl,-pie -Wl,-headerpad_max_install_names -Wl,-dead_strip_dylibs -Wl,-rpath,/Users/cmartino/miniconda3/lib -L/Users/cmartino/miniconda3/lib -fstack-protector-strong -L/usr/local/miniconda/conda-bld/ruby_1570379348315/_build_env/lib/clang/4.0.1/lib     -lruby.2.6  -lcrypto  "
ld: warning: directory not found for option '-L/usr/local/miniconda/conda-bld/ruby_1570379348315/_build_env/lib/clang/4.0.1/lib'
ld: warning: ignoring file /Library/Developer/CommandLineTools/SDKs/MacOSX10.14.sdk/usr/lib/libSystem.tbd, file was built for unsupported file format ( 0x2D 0x2D 0x2D 0x20 0x21 0x74 0x61 0x70 0x69 0x2D 0x74 0x62 0x64 0x2D 0x76 0x33 ) which is not the architecture being linked (x86_64): /Library/Developer/CommandLineTools/SDKs/MacOSX10.14.sdk/usr/lib/libSystem.tbd
Undefined symbols for architecture x86_64:
  "___stack_chk_fail", referenced from:
      _main in conftest-7325e6.o
  "___stack_chk_guard", referenced from:
      _main in conftest-7325e6.o
  "_printf", referenced from:
      _main in conftest-7325e6.o
ld: symbol(s) not found for architecture x86_64
clang-4.0: error: linker command failed with exit code 1 (use -v to see invocation)
checked program was:
/* begin */
 1: #include "ruby.h"
 2: 
 3: /*top*/
 4: extern int t(void);
 5: int main(int argc, char **argv)
 6: {
 7:   if (argc > 1000000) {
 8:     int (* volatile tp)(void)=(int (*)(void))&t;
 9:     printf("%d", (*tp)());
10:   }
11: 
12:   return 0;
13: }
14: 
15: int t(void) { ; return 0; }
/* end */

--------------------

have_header: checking for openssl/ssl.h... -------------------- yes

"x86_64-apple-darwin13.4.0-clang -E -I/Users/cmartino/miniconda3/include/ruby-2.6.0/x86_64-darwin17 -I/Users/cmartino/miniconda3/include/ruby-2.6.0/ruby/backward -I/Users/cmartino/miniconda3/include/ruby-2.6.0 -I. -D_FORTIFY_SOURCE=2 -mmacosx-version-min=10.9 -I/Users/cmartino/miniconda3 -D_XOPEN_SOURCE -D_DARWIN_C_SOURCE -D_DARWIN_UNLIMITED_SELECT -D_REENTRANT   -march=core2 -mtune=haswell -mssse3 -ftree-vectorize -fPIC -fPIE -fstack-protector-strong -O2 -pipe -I/Users/cmartino/miniconda3/include -fdebug-prefix-map=/usr/local/miniconda/conda-bld/ruby_1570379348315/work=/usr/local/src/conda/ruby-2.6.5 -fdebug-prefix-map=/Users/cmartino/miniconda3=/usr/local/src/conda-prefix -fno-common  conftest.c -o conftest.i"
checked program was:
/* begin */
1: #include "ruby.h"
2: 
3: #include <openssl/ssl.h>
/* end */

--------------------

have_header: checking for openssl/err.h... -------------------- yes

"x86_64-apple-darwin13.4.0-clang -E -I/Users/cmartino/miniconda3/include/ruby-2.6.0/x86_64-darwin17 -I/Users/cmartino/miniconda3/include/ruby-2.6.0/ruby/backward -I/Users/cmartino/miniconda3/include/ruby-2.6.0 -I. -D_FORTIFY_SOURCE=2 -mmacosx-version-min=10.9 -I/Users/cmartino/miniconda3 -D_XOPEN_SOURCE -D_DARWIN_C_SOURCE -D_DARWIN_UNLIMITED_SELECT -D_REENTRANT   -march=core2 -mtune=haswell -mssse3 -ftree-vectorize -fPIC -fPIE -fstack-protector-strong -O2 -pipe -I/Users/cmartino/miniconda3/include -fdebug-prefix-map=/usr/local/miniconda/conda-bld/ruby_1570379348315/work=/usr/local/src/conda/ruby-2.6.5 -fdebug-prefix-map=/Users/cmartino/miniconda3=/usr/local/src/conda-prefix -fno-common  conftest.c -o conftest.i"
checked program was:
/* begin */
1: #include "ruby.h"
2: 
3: #include <openssl/err.h>
/* end */

--------------------

have_var: checking for rb_trap_immediate in ruby.h,rubysig.h... -------------------- no

"x86_64-apple-darwin13.4.0-clang -I/Users/cmartino/miniconda3/include/ruby-2.6.0/x86_64-darwin17 -I/Users/cmartino/miniconda3/include/ruby-2.6.0/ruby/backward -I/Users/cmartino/miniconda3/include/ruby-2.6.0 -I. -D_FORTIFY_SOURCE=2 -mmacosx-version-min=10.9 -I/Users/cmartino/miniconda3 -D_XOPEN_SOURCE -D_DARWIN_C_SOURCE -D_DARWIN_UNLIMITED_SELECT -D_REENTRANT   -march=core2 -mtune=haswell -mssse3 -ftree-vectorize -fPIC -fPIE -fstack-protector-strong -O2 -pipe -I/Users/cmartino/miniconda3/include -fdebug-prefix-map=/usr/local/miniconda/conda-bld/ruby_1570379348315/work=/usr/local/src/conda/ruby-2.6.5 -fdebug-prefix-map=/Users/cmartino/miniconda3=/usr/local/src/conda-prefix -fno-common   -c conftest.c"
In file included from conftest.c:4:
/Users/cmartino/miniconda3/include/ruby-2.6.0/ruby/backward/rubysig.h:14:2: warning: rubysig.h is obsolete [-W#warnings]
#warning rubysig.h is obsolete
 ^
conftest.c:17:55: error: use of undeclared identifier 'rb_trap_immediate'; did you mean 'rb_trap_exit'?
int t(void) { const volatile void *volatile p; p = &(&rb_trap_immediate)[0]; return !p; }
                                                      ^~~~~~~~~~~~~~~~~
                                                      rb_trap_exit
/Users/cmartino/miniconda3/include/ruby-2.6.0/ruby/intern.h:715:6: note: 'rb_trap_exit' declared here
void rb_trap_exit(void);
     ^
conftest.c:17:53: error: subscript of pointer to function type 'void (void)'
int t(void) { const volatile void *volatile p; p = &(&rb_trap_immediate)[0]; return !p; }
                                                    ^~~~~~~~~~~~~~~~~~~~
1 warning and 2 errors generated.
checked program was:
/* begin */
 1: #include "ruby.h"
 2: 
 3: #include <ruby.h>
 4: #include <rubysig.h>
 5: 
 6: /*top*/
 7: extern int t(void);
 8: int main(int argc, char **argv)
 9: {
10:   if (argc > 1000000) {
11:     int (* volatile tp)(void)=(int (*)(void))&t;
12:     printf("%d", (*tp)());
13:   }
14: 
15:   return 0;
16: }
17: int t(void) { const volatile void *volatile p; p = &(&rb_trap_immediate)[0]; return !p; }
/* end */

--------------------

have_func: checking for rb_thread_blocking_region()... -------------------- no

"x86_64-apple-darwin13.4.0-clang -o conftest -I/Users/cmartino/miniconda3/include/ruby-2.6.0/x86_64-darwin17 -I/Users/cmartino/miniconda3/include/ruby-2.6.0/ruby/backward -I/Users/cmartino/miniconda3/include/ruby-2.6.0 -I. -D_FORTIFY_SOURCE=2 -mmacosx-version-min=10.9 -I/Users/cmartino/miniconda3 -D_XOPEN_SOURCE -D_DARWIN_C_SOURCE -D_DARWIN_UNLIMITED_SELECT -D_REENTRANT   -march=core2 -mtune=haswell -mssse3 -ftree-vectorize -fPIC -fPIE -fstack-protector-strong -O2 -pipe -I/Users/cmartino/miniconda3/include -fdebug-prefix-map=/usr/local/miniconda/conda-bld/ruby_1570379348315/work=/usr/local/src/conda/ruby-2.6.5 -fdebug-prefix-map=/Users/cmartino/miniconda3=/usr/local/src/conda-prefix -fno-common conftest.c  -L. -L/Users/cmartino/miniconda3/lib -L. -Wl,-pie -Wl,-headerpad_max_install_names -Wl,-dead_strip_dylibs -Wl,-rpath,/Users/cmartino/miniconda3/lib -L/Users/cmartino/miniconda3/lib -fstack-protector-strong -L/usr/local/miniconda/conda-bld/ruby_1570379348315/_build_env/lib/clang/4.0.1/lib     -lruby.2.6   "
conftest.c:14:57: error: use of undeclared identifier 'rb_thread_blocking_region'
int t(void) { void ((*volatile p)()); p = (void ((*)()))rb_thread_blocking_region; return !p; }
                                                        ^
1 error generated.
checked program was:
/* begin */
 1: #include "ruby.h"
 2: 
 3: /*top*/
 4: extern int t(void);
 5: int main(int argc, char **argv)
 6: {
 7:   if (argc > 1000000) {
 8:     int (* volatile tp)(void)=(int (*)(void))&t;
 9:     printf("%d", (*tp)());
10:   }
11: 
12:   return 0;
13: }
14: int t(void) { void ((*volatile p)()); p = (void ((*)()))rb_thread_blocking_region; return !p; }
/* end */

"x86_64-apple-darwin13.4.0-clang -o conftest -I/Users/cmartino/miniconda3/include/ruby-2.6.0/x86_64-darwin17 -I/Users/cmartino/miniconda3/include/ruby-2.6.0/ruby/backward -I/Users/cmartino/miniconda3/include/ruby-2.6.0 -I. -D_FORTIFY_SOURCE=2 -mmacosx-version-min=10.9 -I/Users/cmartino/miniconda3 -D_XOPEN_SOURCE -D_DARWIN_C_SOURCE -D_DARWIN_UNLIMITED_SELECT -D_REENTRANT   -march=core2 -mtune=haswell -mssse3 -ftree-vectorize -fPIC -fPIE -fstack-protector-strong -O2 -pipe -I/Users/cmartino/miniconda3/include -fdebug-prefix-map=/usr/local/miniconda/conda-bld/ruby_1570379348315/work=/usr/local/src/conda/ruby-2.6.5 -fdebug-prefix-map=/Users/cmartino/miniconda3=/usr/local/src/conda-prefix -fno-common conftest.c  -L. -L/Users/cmartino/miniconda3/lib -L. -Wl,-pie -Wl,-headerpad_max_install_names -Wl,-dead_strip_dylibs -Wl,-rpath,/Users/cmartino/miniconda3/lib -L/Users/cmartino/miniconda3/lib -fstack-protector-strong -L/usr/local/miniconda/conda-bld/ruby_1570379348315/_build_env/lib/clang/4.0.1/lib     -lruby.2.6   "
ld: warning: directory not found for option '-L/usr/local/miniconda/conda-bld/ruby_1570379348315/_build_env/lib/clang/4.0.1/lib'
ld: warning: ignoring file /Library/Developer/CommandLineTools/SDKs/MacOSX10.14.sdk/usr/lib/libSystem.tbd, file was built for unsupported file format ( 0x2D 0x2D 0x2D 0x20 0x21 0x74 0x61 0x70 0x69 0x2D 0x74 0x62 0x64 0x2D 0x76 0x33 ) which is not the architecture being linked (x86_64): /Library/Developer/CommandLineTools/SDKs/MacOSX10.14.sdk/usr/lib/libSystem.tbd
Undefined symbols for architecture x86_64:
  "___stack_chk_fail", referenced from:
      _main in conftest-128559.o
  "___stack_chk_guard", referenced from:
      _main in conftest-128559.o
  "_printf", referenced from:
      _main in conftest-128559.o
  "_rb_thread_blocking_region", referenced from:
      _t in conftest-128559.o
ld: symbol(s) not found for architecture x86_64
clang-4.0: error: linker command failed with exit code 1 (use -v to see invocation)
checked program was:
/* begin */
 1: #include "ruby.h"
 2: 
 3: /*top*/
 4: extern int t(void);
 5: int main(int argc, char **argv)
 6: {
 7:   if (argc > 1000000) {
 8:     int (* volatile tp)(void)=(int (*)(void))&t;
 9:     printf("%d", (*tp)());
10:   }
11: 
12:   return 0;
13: }
14: extern void rb_thread_blocking_region();
15: int t(void) { rb_thread_blocking_region(); return 0; }
/* end */

--------------------

have_func: checking for rb_thread_call_without_gvl() in ruby/thread.h... -------------------- no

"x86_64-apple-darwin13.4.0-clang -o conftest -I/Users/cmartino/miniconda3/include/ruby-2.6.0/x86_64-darwin17 -I/Users/cmartino/miniconda3/include/ruby-2.6.0/ruby/backward -I/Users/cmartino/miniconda3/include/ruby-2.6.0 -I. -D_FORTIFY_SOURCE=2 -mmacosx-version-min=10.9 -I/Users/cmartino/miniconda3 -D_XOPEN_SOURCE -D_DARWIN_C_SOURCE -D_DARWIN_UNLIMITED_SELECT -D_REENTRANT   -march=core2 -mtune=haswell -mssse3 -ftree-vectorize -fPIC -fPIE -fstack-protector-strong -O2 -pipe -I/Users/cmartino/miniconda3/include -fdebug-prefix-map=/usr/local/miniconda/conda-bld/ruby_1570379348315/work=/usr/local/src/conda/ruby-2.6.5 -fdebug-prefix-map=/Users/cmartino/miniconda3=/usr/local/src/conda-prefix -fno-common conftest.c  -L. -L/Users/cmartino/miniconda3/lib -L. -Wl,-pie -Wl,-headerpad_max_install_names -Wl,-dead_strip_dylibs -Wl,-rpath,/Users/cmartino/miniconda3/lib -L/Users/cmartino/miniconda3/lib -fstack-protector-strong -L/usr/local/miniconda/conda-bld/ruby_1570379348315/_build_env/lib/clang/4.0.1/lib     -lruby.2.6   "
ld: warning: directory not found for option '-L/usr/local/miniconda/conda-bld/ruby_1570379348315/_build_env/lib/clang/4.0.1/lib'
ld: warning: ignoring file /Library/Developer/CommandLineTools/SDKs/MacOSX10.14.sdk/usr/lib/libSystem.tbd, file was built for unsupported file format ( 0x2D 0x2D 0x2D 0x20 0x21 0x74 0x61 0x70 0x69 0x2D 0x74 0x62 0x64 0x2D 0x76 0x33 ) which is not the architecture being linked (x86_64): /Library/Developer/CommandLineTools/SDKs/MacOSX10.14.sdk/usr/lib/libSystem.tbd
Undefined symbols for architecture x86_64:
  "___stack_chk_fail", referenced from:
      _main in conftest-31610b.o
      _t in conftest-31610b.o
  "___stack_chk_guard", referenced from:
      _main in conftest-31610b.o
      _t in conftest-31610b.o
  "_printf", referenced from:
      _main in conftest-31610b.o
ld: symbol(s) not found for architecture x86_64
clang-4.0: error: linker command failed with exit code 1 (use -v to see invocation)
checked program was:
/* begin */
 1: #include "ruby.h"
 2: 
 3: #include <ruby/thread.h>
 4: 
 5: /*top*/
 6: extern int t(void);
 7: int main(int argc, char **argv)
 8: {
 9:   if (argc > 1000000) {
10:     int (* volatile tp)(void)=(int (*)(void))&t;
11:     printf("%d", (*tp)());
12:   }
13: 
14:   return 0;
15: }
16: int t(void) { void ((*volatile p)()); p = (void ((*)()))rb_thread_call_without_gvl; return !p; }
/* end */

"x86_64-apple-darwin13.4.0-clang -o conftest -I/Users/cmartino/miniconda3/include/ruby-2.6.0/x86_64-darwin17 -I/Users/cmartino/miniconda3/include/ruby-2.6.0/ruby/backward -I/Users/cmartino/miniconda3/include/ruby-2.6.0 -I. -D_FORTIFY_SOURCE=2 -mmacosx-version-min=10.9 -I/Users/cmartino/miniconda3 -D_XOPEN_SOURCE -D_DARWIN_C_SOURCE -D_DARWIN_UNLIMITED_SELECT -D_REENTRANT   -march=core2 -mtune=haswell -mssse3 -ftree-vectorize -fPIC -fPIE -fstack-protector-strong -O2 -pipe -I/Users/cmartino/miniconda3/include -fdebug-prefix-map=/usr/local/miniconda/conda-bld/ruby_1570379348315/work=/usr/local/src/conda/ruby-2.6.5 -fdebug-prefix-map=/Users/cmartino/miniconda3=/usr/local/src/conda-prefix -fno-common conftest.c  -L. -L/Users/cmartino/miniconda3/lib -L. -Wl,-pie -Wl,-headerpad_max_install_names -Wl,-dead_strip_dylibs -Wl,-rpath,/Users/cmartino/miniconda3/lib -L/Users/cmartino/miniconda3/lib -fstack-protector-strong -L/usr/local/miniconda/conda-bld/ruby_1570379348315/_build_env/lib/clang/4.0.1/lib     -lruby.2.6   "
conftest.c:16:13: error: conflicting types for 'rb_thread_call_without_gvl'
extern void rb_thread_call_without_gvl();
            ^
/Users/cmartino/miniconda3/include/ruby-2.6.0/ruby/thread.h:28:7: note: previous declaration is here
void *rb_thread_call_without_gvl(void *(*func)(void *), void *data1,
      ^
conftest.c:17:42: error: too few arguments to function call, expected 4, have 0
int t(void) { rb_thread_call_without_gvl(); return 0; }
              ~~~~~~~~~~~~~~~~~~~~~~~~~~ ^
/Users/cmartino/miniconda3/include/ruby-2.6.0/ruby/thread.h:28:1: note: 'rb_thread_call_without_gvl' declared here
void *rb_thread_call_without_gvl(void *(*func)(void *), void *data1,
^
2 errors generated.
checked program was:
/* begin */
 1: #include "ruby.h"
 2: 
 3: #include <ruby/thread.h>
 4: 
 5: /*top*/
 6: extern int t(void);
 7: int main(int argc, char **argv)
 8: {
 9:   if (argc > 1000000) {
10:     int (* volatile tp)(void)=(int (*)(void))&t;
11:     printf("%d", (*tp)());
12:   }
13: 
14:   return 0;
15: }
16: extern void rb_thread_call_without_gvl();
17: int t(void) { rb_thread_call_without_gvl(); return 0; }
/* end */

--------------------

have_func: checking for rb_thread_fd_select()... -------------------- no

"x86_64-apple-darwin13.4.0-clang -o conftest -I/Users/cmartino/miniconda3/include/ruby-2.6.0/x86_64-darwin17 -I/Users/cmartino/miniconda3/include/ruby-2.6.0/ruby/backward -I/Users/cmartino/miniconda3/include/ruby-2.6.0 -I. -D_FORTIFY_SOURCE=2 -mmacosx-version-min=10.9 -I/Users/cmartino/miniconda3 -D_XOPEN_SOURCE -D_DARWIN_C_SOURCE -D_DARWIN_UNLIMITED_SELECT -D_REENTRANT   -march=core2 -mtune=haswell -mssse3 -ftree-vectorize -fPIC -fPIE -fstack-protector-strong -O2 -pipe -I/Users/cmartino/miniconda3/include -fdebug-prefix-map=/usr/local/miniconda/conda-bld/ruby_1570379348315/work=/usr/local/src/conda/ruby-2.6.5 -fdebug-prefix-map=/Users/cmartino/miniconda3=/usr/local/src/conda-prefix -fno-common conftest.c  -L. -L/Users/cmartino/miniconda3/lib -L. -Wl,-pie -Wl,-headerpad_max_install_names -Wl,-dead_strip_dylibs -Wl,-rpath,/Users/cmartino/miniconda3/lib -L/Users/cmartino/miniconda3/lib -fstack-protector-strong -L/usr/local/miniconda/conda-bld/ruby_1570379348315/_build_env/lib/clang/4.0.1/lib     -lruby.2.6   "
ld: warning: directory not found for option '-L/usr/local/miniconda/conda-bld/ruby_1570379348315/_build_env/lib/clang/4.0.1/lib'
ld: warning: ignoring file /Library/Developer/CommandLineTools/SDKs/MacOSX10.14.sdk/usr/lib/libSystem.tbd, file was built for unsupported file format ( 0x2D 0x2D 0x2D 0x20 0x21 0x74 0x61 0x70 0x69 0x2D 0x74 0x62 0x64 0x2D 0x76 0x33 ) which is not the architecture being linked (x86_64): /Library/Developer/CommandLineTools/SDKs/MacOSX10.14.sdk/usr/lib/libSystem.tbd
Undefined symbols for architecture x86_64:
  "___stack_chk_fail", referenced from:
      _main in conftest-7b9fe0.o
      _t in conftest-7b9fe0.o
  "___stack_chk_guard", referenced from:
      _main in conftest-7b9fe0.o
      _t in conftest-7b9fe0.o
  "_printf", referenced from:
      _main in conftest-7b9fe0.o
ld: symbol(s) not found for architecture x86_64
clang-4.0: error: linker command failed with exit code 1 (use -v to see invocation)
checked program was:
/* begin */
 1: #include "ruby.h"
 2: 
 3: /*top*/
 4: extern int t(void);
 5: int main(int argc, char **argv)
 6: {
 7:   if (argc > 1000000) {
 8:     int (* volatile tp)(void)=(int (*)(void))&t;
 9:     printf("%d", (*tp)());
10:   }
11: 
12:   return 0;
13: }
14: int t(void) { void ((*volatile p)()); p = (void ((*)()))rb_thread_fd_select; return !p; }
/* end */

"x86_64-apple-darwin13.4.0-clang -o conftest -I/Users/cmartino/miniconda3/include/ruby-2.6.0/x86_64-darwin17 -I/Users/cmartino/miniconda3/include/ruby-2.6.0/ruby/backward -I/Users/cmartino/miniconda3/include/ruby-2.6.0 -I. -D_FORTIFY_SOURCE=2 -mmacosx-version-min=10.9 -I/Users/cmartino/miniconda3 -D_XOPEN_SOURCE -D_DARWIN_C_SOURCE -D_DARWIN_UNLIMITED_SELECT -D_REENTRANT   -march=core2 -mtune=haswell -mssse3 -ftree-vectorize -fPIC -fPIE -fstack-protector-strong -O2 -pipe -I/Users/cmartino/miniconda3/include -fdebug-prefix-map=/usr/local/miniconda/conda-bld/ruby_1570379348315/work=/usr/local/src/conda/ruby-2.6.5 -fdebug-prefix-map=/Users/cmartino/miniconda3=/usr/local/src/conda-prefix -fno-common conftest.c  -L. -L/Users/cmartino/miniconda3/lib -L. -Wl,-pie -Wl,-headerpad_max_install_names -Wl,-dead_strip_dylibs -Wl,-rpath,/Users/cmartino/miniconda3/lib -L/Users/cmartino/miniconda3/lib -fstack-protector-strong -L/usr/local/miniconda/conda-bld/ruby_1570379348315/_build_env/lib/clang/4.0.1/lib     -lruby.2.6   "
conftest.c:14:13: error: conflicting types for 'rb_thread_fd_select'
extern void rb_thread_fd_select();
            ^
/Users/cmartino/miniconda3/include/ruby-2.6.0/ruby/intern.h:478:5: note: previous declaration is here
int rb_thread_fd_select(int, rb_fdset_t *, rb_fdset_t *, rb_fdset_t *, struct timeval *);
    ^
conftest.c:15:35: error: too few arguments to function call, expected 5, have 0
int t(void) { rb_thread_fd_select(); return 0; }
              ~~~~~~~~~~~~~~~~~~~ ^
/Users/cmartino/miniconda3/include/ruby-2.6.0/ruby/intern.h:478:1: note: 'rb_thread_fd_select' declared here
int rb_thread_fd_select(int, rb_fdset_t *, rb_fdset_t *, rb_fdset_t *, struct timeval *);
^
2 errors generated.
checked program was:
/* begin */
 1: #include "ruby.h"
 2: 
 3: /*top*/
 4: extern int t(void);
 5: int main(int argc, char **argv)
 6: {
 7:   if (argc > 1000000) {
 8:     int (* volatile tp)(void)=(int (*)(void))&t;
 9:     printf("%d", (*tp)());
10:   }
11: 
12:   return 0;
13: }
14: extern void rb_thread_fd_select();
15: int t(void) { rb_thread_fd_select(); return 0; }
/* end */

--------------------

have_type: checking for rb_fdset_t in ruby/intern.h... -------------------- yes

"x86_64-apple-darwin13.4.0-clang -I/Users/cmartino/miniconda3/include/ruby-2.6.0/x86_64-darwin17 -I/Users/cmartino/miniconda3/include/ruby-2.6.0/ruby/backward -I/Users/cmartino/miniconda3/include/ruby-2.6.0 -I. -D_FORTIFY_SOURCE=2 -mmacosx-version-min=10.9 -I/Users/cmartino/miniconda3 -D_XOPEN_SOURCE -D_DARWIN_C_SOURCE -D_DARWIN_UNLIMITED_SELECT -D_REENTRANT   -march=core2 -mtune=haswell -mssse3 -ftree-vectorize -fPIC -fPIE -fstack-protector-strong -O2 -pipe -I/Users/cmartino/miniconda3/include -fdebug-prefix-map=/usr/local/miniconda/conda-bld/ruby_1570379348315/work=/usr/local/src/conda/ruby-2.6.5 -fdebug-prefix-map=/Users/cmartino/miniconda3=/usr/local/src/conda-prefix -fno-common   -c conftest.c"
checked program was:
/* begin */
1: #include "ruby.h"
2: 
3: #include <ruby/intern.h>
4: 
5: /*top*/
6: typedef rb_fdset_t conftest_type;
7: int conftestval[sizeof(conftest_type)?1:-1];
/* end */

--------------------

have_func: checking for rb_wait_for_single_fd()... -------------------- no

"x86_64-apple-darwin13.4.0-clang -o conftest -I/Users/cmartino/miniconda3/include/ruby-2.6.0/x86_64-darwin17 -I/Users/cmartino/miniconda3/include/ruby-2.6.0/ruby/backward -I/Users/cmartino/miniconda3/include/ruby-2.6.0 -I. -D_FORTIFY_SOURCE=2 -mmacosx-version-min=10.9 -I/Users/cmartino/miniconda3 -D_XOPEN_SOURCE -D_DARWIN_C_SOURCE -D_DARWIN_UNLIMITED_SELECT -D_REENTRANT   -march=core2 -mtune=haswell -mssse3 -ftree-vectorize -fPIC -fPIE -fstack-protector-strong -O2 -pipe -I/Users/cmartino/miniconda3/include -fdebug-prefix-map=/usr/local/miniconda/conda-bld/ruby_1570379348315/work=/usr/local/src/conda/ruby-2.6.5 -fdebug-prefix-map=/Users/cmartino/miniconda3=/usr/local/src/conda-prefix -fno-common conftest.c  -L. -L/Users/cmartino/miniconda3/lib -L. -Wl,-pie -Wl,-headerpad_max_install_names -Wl,-dead_strip_dylibs -Wl,-rpath,/Users/cmartino/miniconda3/lib -L/Users/cmartino/miniconda3/lib -fstack-protector-strong -L/usr/local/miniconda/conda-bld/ruby_1570379348315/_build_env/lib/clang/4.0.1/lib     -lruby.2.6   "
conftest.c:14:57: error: use of undeclared identifier 'rb_wait_for_single_fd'
int t(void) { void ((*volatile p)()); p = (void ((*)()))rb_wait_for_single_fd; return !p; }
                                                        ^
1 error generated.
checked program was:
/* begin */
 1: #include "ruby.h"
 2: 
 3: /*top*/
 4: extern int t(void);
 5: int main(int argc, char **argv)
 6: {
 7:   if (argc > 1000000) {
 8:     int (* volatile tp)(void)=(int (*)(void))&t;
 9:     printf("%d", (*tp)());
10:   }
11: 
12:   return 0;
13: }
14: int t(void) { void ((*volatile p)()); p = (void ((*)()))rb_wait_for_single_fd; return !p; }
/* end */

"x86_64-apple-darwin13.4.0-clang -o conftest -I/Users/cmartino/miniconda3/include/ruby-2.6.0/x86_64-darwin17 -I/Users/cmartino/miniconda3/include/ruby-2.6.0/ruby/backward -I/Users/cmartino/miniconda3/include/ruby-2.6.0 -I. -D_FORTIFY_SOURCE=2 -mmacosx-version-min=10.9 -I/Users/cmartino/miniconda3 -D_XOPEN_SOURCE -D_DARWIN_C_SOURCE -D_DARWIN_UNLIMITED_SELECT -D_REENTRANT   -march=core2 -mtune=haswell -mssse3 -ftree-vectorize -fPIC -fPIE -fstack-protector-strong -O2 -pipe -I/Users/cmartino/miniconda3/include -fdebug-prefix-map=/usr/local/miniconda/conda-bld/ruby_1570379348315/work=/usr/local/src/conda/ruby-2.6.5 -fdebug-prefix-map=/Users/cmartino/miniconda3=/usr/local/src/conda-prefix -fno-common conftest.c  -L. -L/Users/cmartino/miniconda3/lib -L. -Wl,-pie -Wl,-headerpad_max_install_names -Wl,-dead_strip_dylibs -Wl,-rpath,/Users/cmartino/miniconda3/lib -L/Users/cmartino/miniconda3/lib -fstack-protector-strong -L/usr/local/miniconda/conda-bld/ruby_1570379348315/_build_env/lib/clang/4.0.1/lib     -lruby.2.6   "
ld: warning: directory not found for option '-L/usr/local/miniconda/conda-bld/ruby_1570379348315/_build_env/lib/clang/4.0.1/lib'
ld: warning: ignoring file /Library/Developer/CommandLineTools/SDKs/MacOSX10.14.sdk/usr/lib/libSystem.tbd, file was built for unsupported file format ( 0x2D 0x2D 0x2D 0x20 0x21 0x74 0x61 0x70 0x69 0x2D 0x74 0x62 0x64 0x2D 0x76 0x33 ) which is not the architecture being linked (x86_64): /Library/Developer/CommandLineTools/SDKs/MacOSX10.14.sdk/usr/lib/libSystem.tbd
Undefined symbols for architecture x86_64:
  "___stack_chk_fail", referenced from:
      _main in conftest-df5dc6.o
  "___stack_chk_guard", referenced from:
      _main in conftest-df5dc6.o
  "_printf", referenced from:
      _main in conftest-df5dc6.o
ld: symbol(s) not found for architecture x86_64
clang-4.0: error: linker command failed with exit code 1 (use -v to see invocation)
checked program was:
/* begin */
 1: #include "ruby.h"
 2: 
 3: /*top*/
 4: extern int t(void);
 5: int main(int argc, char **argv)
 6: {
 7:   if (argc > 1000000) {
 8:     int (* volatile tp)(void)=(int (*)(void))&t;
 9:     printf("%d", (*tp)());
10:   }
11: 
12:   return 0;
13: }
14: extern void rb_wait_for_single_fd();
15: int t(void) { rb_wait_for_single_fd(); return 0; }
/* end */

--------------------

have_func: checking for rb_enable_interrupt()... -------------------- no

"x86_64-apple-darwin13.4.0-clang -o conftest -I/Users/cmartino/miniconda3/include/ruby-2.6.0/x86_64-darwin17 -I/Users/cmartino/miniconda3/include/ruby-2.6.0/ruby/backward -I/Users/cmartino/miniconda3/include/ruby-2.6.0 -I. -D_FORTIFY_SOURCE=2 -mmacosx-version-min=10.9 -I/Users/cmartino/miniconda3 -D_XOPEN_SOURCE -D_DARWIN_C_SOURCE -D_DARWIN_UNLIMITED_SELECT -D_REENTRANT   -march=core2 -mtune=haswell -mssse3 -ftree-vectorize -fPIC -fPIE -fstack-protector-strong -O2 -pipe -I/Users/cmartino/miniconda3/include -fdebug-prefix-map=/usr/local/miniconda/conda-bld/ruby_1570379348315/work=/usr/local/src/conda/ruby-2.6.5 -fdebug-prefix-map=/Users/cmartino/miniconda3=/usr/local/src/conda-prefix -fno-common conftest.c  -L. -L/Users/cmartino/miniconda3/lib -L. -Wl,-pie -Wl,-headerpad_max_install_names -Wl,-dead_strip_dylibs -Wl,-rpath,/Users/cmartino/miniconda3/lib -L/Users/cmartino/miniconda3/lib -fstack-protector-strong -L/usr/local/miniconda/conda-bld/ruby_1570379348315/_build_env/lib/clang/4.0.1/lib     -lruby.2.6   "
conftest.c:14:57: error: use of undeclared identifier 'rb_enable_interrupt'
int t(void) { void ((*volatile p)()); p = (void ((*)()))rb_enable_interrupt; return !p; }
                                                        ^
1 error generated.
checked program was:
/* begin */
 1: #include "ruby.h"
 2: 
 3: /*top*/
 4: extern int t(void);
 5: int main(int argc, char **argv)
 6: {
 7:   if (argc > 1000000) {
 8:     int (* volatile tp)(void)=(int (*)(void))&t;
 9:     printf("%d", (*tp)());
10:   }
11: 
12:   return 0;
13: }
14: int t(void) { void ((*volatile p)()); p = (void ((*)()))rb_enable_interrupt; return !p; }
/* end */

"x86_64-apple-darwin13.4.0-clang -o conftest -I/Users/cmartino/miniconda3/include/ruby-2.6.0/x86_64-darwin17 -I/Users/cmartino/miniconda3/include/ruby-2.6.0/ruby/backward -I/Users/cmartino/miniconda3/include/ruby-2.6.0 -I. -D_FORTIFY_SOURCE=2 -mmacosx-version-min=10.9 -I/Users/cmartino/miniconda3 -D_XOPEN_SOURCE -D_DARWIN_C_SOURCE -D_DARWIN_UNLIMITED_SELECT -D_REENTRANT   -march=core2 -mtune=haswell -mssse3 -ftree-vectorize -fPIC -fPIE -fstack-protector-strong -O2 -pipe -I/Users/cmartino/miniconda3/include -fdebug-prefix-map=/usr/local/miniconda/conda-bld/ruby_1570379348315/work=/usr/local/src/conda/ruby-2.6.5 -fdebug-prefix-map=/Users/cmartino/miniconda3=/usr/local/src/conda-prefix -fno-common conftest.c  -L. -L/Users/cmartino/miniconda3/lib -L. -Wl,-pie -Wl,-headerpad_max_install_names -Wl,-dead_strip_dylibs -Wl,-rpath,/Users/cmartino/miniconda3/lib -L/Users/cmartino/miniconda3/lib -fstack-protector-strong -L/usr/local/miniconda/conda-bld/ruby_1570379348315/_build_env/lib/clang/4.0.1/lib     -lruby.2.6   "
ld: warning: directory not found for option '-L/usr/local/miniconda/conda-bld/ruby_1570379348315/_build_env/lib/clang/4.0.1/lib'
ld: warning: ignoring file /Library/Developer/CommandLineTools/SDKs/MacOSX10.14.sdk/usr/lib/libSystem.tbd, file was built for unsupported file format ( 0x2D 0x2D 0x2D 0x20 0x21 0x74 0x61 0x70 0x69 0x2D 0x74 0x62 0x64 0x2D 0x76 0x33 ) which is not the architecture being linked (x86_64): /Library/Developer/CommandLineTools/SDKs/MacOSX10.14.sdk/usr/lib/libSystem.tbd
Undefined symbols for architecture x86_64:
  "___stack_chk_fail", referenced from:
      _main in conftest-8b4f5d.o
  "___stack_chk_guard", referenced from:
      _main in conftest-8b4f5d.o
  "_printf", referenced from:
      _main in conftest-8b4f5d.o
  "_rb_enable_interrupt", referenced from:
      _t in conftest-8b4f5d.o
ld: symbol(s) not found for architecture x86_64
clang-4.0: error: linker command failed with exit code 1 (use -v to see invocation)
checked program was:
/* begin */
 1: #include "ruby.h"
 2: 
 3: /*top*/
 4: extern int t(void);
 5: int main(int argc, char **argv)
 6: {
 7:   if (argc > 1000000) {
 8:     int (* volatile tp)(void)=(int (*)(void))&t;
 9:     printf("%d", (*tp)());
10:   }
11: 
12:   return 0;
13: }
14: extern void rb_enable_interrupt();
15: int t(void) { rb_enable_interrupt(); return 0; }
/* end */

--------------------

have_func: checking for rb_time_new()... -------------------- no

"x86_64-apple-darwin13.4.0-clang -o conftest -I/Users/cmartino/miniconda3/include/ruby-2.6.0/x86_64-darwin17 -I/Users/cmartino/miniconda3/include/ruby-2.6.0/ruby/backward -I/Users/cmartino/miniconda3/include/ruby-2.6.0 -I. -D_FORTIFY_SOURCE=2 -mmacosx-version-min=10.9 -I/Users/cmartino/miniconda3 -D_XOPEN_SOURCE -D_DARWIN_C_SOURCE -D_DARWIN_UNLIMITED_SELECT -D_REENTRANT   -march=core2 -mtune=haswell -mssse3 -ftree-vectorize -fPIC -fPIE -fstack-protector-strong -O2 -pipe -I/Users/cmartino/miniconda3/include -fdebug-prefix-map=/usr/local/miniconda/conda-bld/ruby_1570379348315/work=/usr/local/src/conda/ruby-2.6.5 -fdebug-prefix-map=/Users/cmartino/miniconda3=/usr/local/src/conda-prefix -fno-common conftest.c  -L. -L/Users/cmartino/miniconda3/lib -L. -Wl,-pie -Wl,-headerpad_max_install_names -Wl,-dead_strip_dylibs -Wl,-rpath,/Users/cmartino/miniconda3/lib -L/Users/cmartino/miniconda3/lib -fstack-protector-strong -L/usr/local/miniconda/conda-bld/ruby_1570379348315/_build_env/lib/clang/4.0.1/lib     -lruby.2.6   "
ld: warning: directory not found for option '-L/usr/local/miniconda/conda-bld/ruby_1570379348315/_build_env/lib/clang/4.0.1/lib'
ld: warning: ignoring file /Library/Developer/CommandLineTools/SDKs/MacOSX10.14.sdk/usr/lib/libSystem.tbd, file was built for unsupported file format ( 0x2D 0x2D 0x2D 0x20 0x21 0x74 0x61 0x70 0x69 0x2D 0x74 0x62 0x64 0x2D 0x76 0x33 ) which is not the architecture being linked (x86_64): /Library/Developer/CommandLineTools/SDKs/MacOSX10.14.sdk/usr/lib/libSystem.tbd
Undefined symbols for architecture x86_64:
  "___stack_chk_fail", referenced from:
      _main in conftest-0d06fe.o
      _t in conftest-0d06fe.o
  "___stack_chk_guard", referenced from:
      _main in conftest-0d06fe.o
      _t in conftest-0d06fe.o
  "_printf", referenced from:
      _main in conftest-0d06fe.o
ld: symbol(s) not found for architecture x86_64
clang-4.0: error: linker command failed with exit code 1 (use -v to see invocation)
checked program was:
/* begin */
 1: #include "ruby.h"
 2: 
 3: /*top*/
 4: extern int t(void);
 5: int main(int argc, char **argv)
 6: {
 7:   if (argc > 1000000) {
 8:     int (* volatile tp)(void)=(int (*)(void))&t;
 9:     printf("%d", (*tp)());
10:   }
11: 
12:   return 0;
13: }
14: int t(void) { void ((*volatile p)()); p = (void ((*)()))rb_time_new; return !p; }
/* end */

"x86_64-apple-darwin13.4.0-clang -o conftest -I/Users/cmartino/miniconda3/include/ruby-2.6.0/x86_64-darwin17 -I/Users/cmartino/miniconda3/include/ruby-2.6.0/ruby/backward -I/Users/cmartino/miniconda3/include/ruby-2.6.0 -I. -D_FORTIFY_SOURCE=2 -mmacosx-version-min=10.9 -I/Users/cmartino/miniconda3 -D_XOPEN_SOURCE -D_DARWIN_C_SOURCE -D_DARWIN_UNLIMITED_SELECT -D_REENTRANT   -march=core2 -mtune=haswell -mssse3 -ftree-vectorize -fPIC -fPIE -fstack-protector-strong -O2 -pipe -I/Users/cmartino/miniconda3/include -fdebug-prefix-map=/usr/local/miniconda/conda-bld/ruby_1570379348315/work=/usr/local/src/conda/ruby-2.6.5 -fdebug-prefix-map=/Users/cmartino/miniconda3=/usr/local/src/conda-prefix -fno-common conftest.c  -L. -L/Users/cmartino/miniconda3/lib -L. -Wl,-pie -Wl,-headerpad_max_install_names -Wl,-dead_strip_dylibs -Wl,-rpath,/Users/cmartino/miniconda3/lib -L/Users/cmartino/miniconda3/lib -fstack-protector-strong -L/usr/local/miniconda/conda-bld/ruby_1570379348315/_build_env/lib/clang/4.0.1/lib     -lruby.2.6   "
conftest.c:14:13: error: conflicting types for 'rb_time_new'
extern void rb_time_new();
            ^
/Users/cmartino/miniconda3/include/ruby-2.6.0/ruby/intern.h:929:7: note: previous declaration is here
VALUE rb_time_new(time_t, long);
      ^
conftest.c:15:27: error: too few arguments to function call, expected 2, have 0
int t(void) { rb_time_new(); return 0; }
              ~~~~~~~~~~~ ^
/Users/cmartino/miniconda3/include/ruby-2.6.0/ruby/intern.h:929:1: note: 'rb_time_new' declared here
VALUE rb_time_new(time_t, long);
^
2 errors generated.
checked program was:
/* begin */
 1: #include "ruby.h"
 2: 
 3: /*top*/
 4: extern int t(void);
 5: int main(int argc, char **argv)
 6: {
 7:   if (argc > 1000000) {
 8:     int (* volatile tp)(void)=(int (*)(void))&t;
 9:     printf("%d", (*tp)());
10:   }
11: 
12:   return 0;
13: }
14: extern void rb_time_new();
15: int t(void) { rb_time_new(); return 0; }
/* end */

--------------------

have_func: checking for inotify_init() in sys/inotify.h... -------------------- no

"x86_64-apple-darwin13.4.0-clang -o conftest -I/Users/cmartino/miniconda3/include/ruby-2.6.0/x86_64-darwin17 -I/Users/cmartino/miniconda3/include/ruby-2.6.0/ruby/backward -I/Users/cmartino/miniconda3/include/ruby-2.6.0 -I. -D_FORTIFY_SOURCE=2 -mmacosx-version-min=10.9 -I/Users/cmartino/miniconda3 -D_XOPEN_SOURCE -D_DARWIN_C_SOURCE -D_DARWIN_UNLIMITED_SELECT -D_REENTRANT   -march=core2 -mtune=haswell -mssse3 -ftree-vectorize -fPIC -fPIE -fstack-protector-strong -O2 -pipe -I/Users/cmartino/miniconda3/include -fdebug-prefix-map=/usr/local/miniconda/conda-bld/ruby_1570379348315/work=/usr/local/src/conda/ruby-2.6.5 -fdebug-prefix-map=/Users/cmartino/miniconda3=/usr/local/src/conda-prefix -fno-common conftest.c  -L. -L/Users/cmartino/miniconda3/lib -L. -Wl,-pie -Wl,-headerpad_max_install_names -Wl,-dead_strip_dylibs -Wl,-rpath,/Users/cmartino/miniconda3/lib -L/Users/cmartino/miniconda3/lib -fstack-protector-strong -L/usr/local/miniconda/conda-bld/ruby_1570379348315/_build_env/lib/clang/4.0.1/lib     -lruby.2.6   "
conftest.c:3:10: fatal error: 'sys/inotify.h' file not found
#include <sys/inotify.h>
         ^~~~~~~~~~~~~~~
1 error generated.
checked program was:
/* begin */
 1: #include "ruby.h"
 2: 
 3: #include <sys/inotify.h>
 4: 
 5: /*top*/
 6: extern int t(void);
 7: int main(int argc, char **argv)
 8: {
 9:   if (argc > 1000000) {
10:     int (* volatile tp)(void)=(int (*)(void))&t;
11:     printf("%d", (*tp)());
12:   }
13: 
14:   return 0;
15: }
16: int t(void) { void ((*volatile p)()); p = (void ((*)()))inotify_init; return !p; }
/* end */

"x86_64-apple-darwin13.4.0-clang -o conftest -I/Users/cmartino/miniconda3/include/ruby-2.6.0/x86_64-darwin17 -I/Users/cmartino/miniconda3/include/ruby-2.6.0/ruby/backward -I/Users/cmartino/miniconda3/include/ruby-2.6.0 -I. -D_FORTIFY_SOURCE=2 -mmacosx-version-min=10.9 -I/Users/cmartino/miniconda3 -D_XOPEN_SOURCE -D_DARWIN_C_SOURCE -D_DARWIN_UNLIMITED_SELECT -D_REENTRANT   -march=core2 -mtune=haswell -mssse3 -ftree-vectorize -fPIC -fPIE -fstack-protector-strong -O2 -pipe -I/Users/cmartino/miniconda3/include -fdebug-prefix-map=/usr/local/miniconda/conda-bld/ruby_1570379348315/work=/usr/local/src/conda/ruby-2.6.5 -fdebug-prefix-map=/Users/cmartino/miniconda3=/usr/local/src/conda-prefix -fno-common conftest.c  -L. -L/Users/cmartino/miniconda3/lib -L. -Wl,-pie -Wl,-headerpad_max_install_names -Wl,-dead_strip_dylibs -Wl,-rpath,/Users/cmartino/miniconda3/lib -L/Users/cmartino/miniconda3/lib -fstack-protector-strong -L/usr/local/miniconda/conda-bld/ruby_1570379348315/_build_env/lib/clang/4.0.1/lib     -lruby.2.6   "
conftest.c:3:10: fatal error: 'sys/inotify.h' file not found
#include <sys/inotify.h>
         ^~~~~~~~~~~~~~~
1 error generated.
checked program was:
/* begin */
 1: #include "ruby.h"
 2: 
 3: #include <sys/inotify.h>
 4: 
 5: /*top*/
 6: extern int t(void);
 7: int main(int argc, char **argv)
 8: {
 9:   if (argc > 1000000) {
10:     int (* volatile tp)(void)=(int (*)(void))&t;
11:     printf("%d", (*tp)());
12:   }
13: 
14:   return 0;
15: }
16: extern void inotify_init();
17: int t(void) { inotify_init(); return 0; }
/* end */

--------------------

have_macro: checking for __NR_inotify_init in sys/syscall.h... -------------------- no

"x86_64-apple-darwin13.4.0-clang -I/Users/cmartino/miniconda3/include/ruby-2.6.0/x86_64-darwin17 -I/Users/cmartino/miniconda3/include/ruby-2.6.0/ruby/backward -I/Users/cmartino/miniconda3/include/ruby-2.6.0 -I. -D_FORTIFY_SOURCE=2 -mmacosx-version-min=10.9 -I/Users/cmartino/miniconda3 -D_XOPEN_SOURCE -D_DARWIN_C_SOURCE -D_DARWIN_UNLIMITED_SELECT -D_REENTRANT   -march=core2 -mtune=haswell -mssse3 -ftree-vectorize -fPIC -fPIE -fstack-protector-strong -O2 -pipe -I/Users/cmartino/miniconda3/include -fdebug-prefix-map=/usr/local/miniconda/conda-bld/ruby_1570379348315/work=/usr/local/src/conda/ruby-2.6.5 -fdebug-prefix-map=/Users/cmartino/miniconda3=/usr/local/src/conda-prefix -fno-common   -c conftest.c"
conftest.c:6:3: error: 
# error
  ^
conftest.c:7:1: error: expected identifier or '('
|:/ === __NR_inotify_init undefined === /:|
^
2 errors generated.
checked program was:
/* begin */
1: #include "ruby.h"
2: 
3: #include <sys/syscall.h>
4: /*top*/
5: #ifndef __NR_inotify_init
6: # error
7: |:/ === __NR_inotify_init undefined === /:|
8: #endif
/* end */

--------------------

have_func: checking for writev() in sys/uio.h... -------------------- no

"x86_64-apple-darwin13.4.0-clang -o conftest -I/Users/cmartino/miniconda3/include/ruby-2.6.0/x86_64-darwin17 -I/Users/cmartino/miniconda3/include/ruby-2.6.0/ruby/backward -I/Users/cmartino/miniconda3/include/ruby-2.6.0 -I. -D_FORTIFY_SOURCE=2 -mmacosx-version-min=10.9 -I/Users/cmartino/miniconda3 -D_XOPEN_SOURCE -D_DARWIN_C_SOURCE -D_DARWIN_UNLIMITED_SELECT -D_REENTRANT   -march=core2 -mtune=haswell -mssse3 -ftree-vectorize -fPIC -fPIE -fstack-protector-strong -O2 -pipe -I/Users/cmartino/miniconda3/include -fdebug-prefix-map=/usr/local/miniconda/conda-bld/ruby_1570379348315/work=/usr/local/src/conda/ruby-2.6.5 -fdebug-prefix-map=/Users/cmartino/miniconda3=/usr/local/src/conda-prefix -fno-common conftest.c  -L. -L/Users/cmartino/miniconda3/lib -L. -Wl,-pie -Wl,-headerpad_max_install_names -Wl,-dead_strip_dylibs -Wl,-rpath,/Users/cmartino/miniconda3/lib -L/Users/cmartino/miniconda3/lib -fstack-protector-strong -L/usr/local/miniconda/conda-bld/ruby_1570379348315/_build_env/lib/clang/4.0.1/lib     -lruby.2.6   "
ld: warning: directory not found for option '-L/usr/local/miniconda/conda-bld/ruby_1570379348315/_build_env/lib/clang/4.0.1/lib'
ld: warning: ignoring file /Library/Developer/CommandLineTools/SDKs/MacOSX10.14.sdk/usr/lib/libSystem.tbd, file was built for unsupported file format ( 0x2D 0x2D 0x2D 0x20 0x21 0x74 0x61 0x70 0x69 0x2D 0x74 0x62 0x64 0x2D 0x76 0x33 ) which is not the architecture being linked (x86_64): /Library/Developer/CommandLineTools/SDKs/MacOSX10.14.sdk/usr/lib/libSystem.tbd
Undefined symbols for architecture x86_64:
  "___stack_chk_fail", referenced from:
      _main in conftest-5de5cd.o
      _t in conftest-5de5cd.o
  "___stack_chk_guard", referenced from:
      _main in conftest-5de5cd.o
      _t in conftest-5de5cd.o
  "_printf", referenced from:
      _main in conftest-5de5cd.o
  "_writev", referenced from:
      _t in conftest-5de5cd.o
ld: symbol(s) not found for architecture x86_64
clang-4.0: error: linker command failed with exit code 1 (use -v to see invocation)
checked program was:
/* begin */
 1: #include "ruby.h"
 2: 
 3: #include <sys/uio.h>
 4: 
 5: /*top*/
 6: extern int t(void);
 7: int main(int argc, char **argv)
 8: {
 9:   if (argc > 1000000) {
10:     int (* volatile tp)(void)=(int (*)(void))&t;
11:     printf("%d", (*tp)());
12:   }
13: 
14:   return 0;
15: }
16: int t(void) { void ((*volatile p)()); p = (void ((*)()))writev; return !p; }
/* end */

"x86_64-apple-darwin13.4.0-clang -o conftest -I/Users/cmartino/miniconda3/include/ruby-2.6.0/x86_64-darwin17 -I/Users/cmartino/miniconda3/include/ruby-2.6.0/ruby/backward -I/Users/cmartino/miniconda3/include/ruby-2.6.0 -I. -D_FORTIFY_SOURCE=2 -mmacosx-version-min=10.9 -I/Users/cmartino/miniconda3 -D_XOPEN_SOURCE -D_DARWIN_C_SOURCE -D_DARWIN_UNLIMITED_SELECT -D_REENTRANT   -march=core2 -mtune=haswell -mssse3 -ftree-vectorize -fPIC -fPIE -fstack-protector-strong -O2 -pipe -I/Users/cmartino/miniconda3/include -fdebug-prefix-map=/usr/local/miniconda/conda-bld/ruby_1570379348315/work=/usr/local/src/conda/ruby-2.6.5 -fdebug-prefix-map=/Users/cmartino/miniconda3=/usr/local/src/conda-prefix -fno-common conftest.c  -L. -L/Users/cmartino/miniconda3/lib -L. -Wl,-pie -Wl,-headerpad_max_install_names -Wl,-dead_strip_dylibs -Wl,-rpath,/Users/cmartino/miniconda3/lib -L/Users/cmartino/miniconda3/lib -fstack-protector-strong -L/usr/local/miniconda/conda-bld/ruby_1570379348315/_build_env/lib/clang/4.0.1/lib     -lruby.2.6   "
conftest.c:16:13: error: conflicting types for 'writev'
extern void writev();
            ^
/Library/Developer/CommandLineTools/SDKs/MacOSX10.14.sdk/usr/include/sys/uio.h:97:9: note: previous declaration is here
ssize_t writev(int, const struct iovec *, int) __DARWIN_ALIAS_C(writev);
        ^
conftest.c:17:22: error: too few arguments to function call, expected 3, have 0
int t(void) { writev(); return 0; }
              ~~~~~~ ^
/Library/Developer/CommandLineTools/SDKs/MacOSX10.14.sdk/usr/include/sys/uio.h:97:1: note: 'writev' declared here
ssize_t writev(int, const struct iovec *, int) __DARWIN_ALIAS_C(writev);
^
2 errors generated.
checked program was:
/* begin */
 1: #include "ruby.h"
 2: 
 3: #include <sys/uio.h>
 4: 
 5: /*top*/
 6: extern int t(void);
 7: int main(int argc, char **argv)
 8: {
 9:   if (argc > 1000000) {
10:     int (* volatile tp)(void)=(int (*)(void))&t;
11:     printf("%d", (*tp)());
12:   }
13: 
14:   return 0;
15: }
16: extern void writev();
17: int t(void) { writev(); return 0; }
/* end */

--------------------

have_func: checking for pipe2() in unistd.h... -------------------- no

"x86_64-apple-darwin13.4.0-clang -o conftest -I/Users/cmartino/miniconda3/include/ruby-2.6.0/x86_64-darwin17 -I/Users/cmartino/miniconda3/include/ruby-2.6.0/ruby/backward -I/Users/cmartino/miniconda3/include/ruby-2.6.0 -I. -D_FORTIFY_SOURCE=2 -mmacosx-version-min=10.9 -I/Users/cmartino/miniconda3 -D_XOPEN_SOURCE -D_DARWIN_C_SOURCE -D_DARWIN_UNLIMITED_SELECT -D_REENTRANT   -march=core2 -mtune=haswell -mssse3 -ftree-vectorize -fPIC -fPIE -fstack-protector-strong -O2 -pipe -I/Users/cmartino/miniconda3/include -fdebug-prefix-map=/usr/local/miniconda/conda-bld/ruby_1570379348315/work=/usr/local/src/conda/ruby-2.6.5 -fdebug-prefix-map=/Users/cmartino/miniconda3=/usr/local/src/conda-prefix -fno-common conftest.c  -L. -L/Users/cmartino/miniconda3/lib -L. -Wl,-pie -Wl,-headerpad_max_install_names -Wl,-dead_strip_dylibs -Wl,-rpath,/Users/cmartino/miniconda3/lib -L/Users/cmartino/miniconda3/lib -fstack-protector-strong -L/usr/local/miniconda/conda-bld/ruby_1570379348315/_build_env/lib/clang/4.0.1/lib     -lruby.2.6   "
conftest.c:16:57: error: use of undeclared identifier 'pipe2'
int t(void) { void ((*volatile p)()); p = (void ((*)()))pipe2; return !p; }
                                                        ^
1 error generated.
checked program was:
/* begin */
 1: #include "ruby.h"
 2: 
 3: #include <unistd.h>
 4: 
 5: /*top*/
 6: extern int t(void);
 7: int main(int argc, char **argv)
 8: {
 9:   if (argc > 1000000) {
10:     int (* volatile tp)(void)=(int (*)(void))&t;
11:     printf("%d", (*tp)());
12:   }
13: 
14:   return 0;
15: }
16: int t(void) { void ((*volatile p)()); p = (void ((*)()))pipe2; return !p; }
/* end */

"x86_64-apple-darwin13.4.0-clang -o conftest -I/Users/cmartino/miniconda3/include/ruby-2.6.0/x86_64-darwin17 -I/Users/cmartino/miniconda3/include/ruby-2.6.0/ruby/backward -I/Users/cmartino/miniconda3/include/ruby-2.6.0 -I. -D_FORTIFY_SOURCE=2 -mmacosx-version-min=10.9 -I/Users/cmartino/miniconda3 -D_XOPEN_SOURCE -D_DARWIN_C_SOURCE -D_DARWIN_UNLIMITED_SELECT -D_REENTRANT   -march=core2 -mtune=haswell -mssse3 -ftree-vectorize -fPIC -fPIE -fstack-protector-strong -O2 -pipe -I/Users/cmartino/miniconda3/include -fdebug-prefix-map=/usr/local/miniconda/conda-bld/ruby_1570379348315/work=/usr/local/src/conda/ruby-2.6.5 -fdebug-prefix-map=/Users/cmartino/miniconda3=/usr/local/src/conda-prefix -fno-common conftest.c  -L. -L/Users/cmartino/miniconda3/lib -L. -Wl,-pie -Wl,-headerpad_max_install_names -Wl,-dead_strip_dylibs -Wl,-rpath,/Users/cmartino/miniconda3/lib -L/Users/cmartino/miniconda3/lib -fstack-protector-strong -L/usr/local/miniconda/conda-bld/ruby_1570379348315/_build_env/lib/clang/4.0.1/lib     -lruby.2.6   "
ld: warning: directory not found for option '-L/usr/local/miniconda/conda-bld/ruby_1570379348315/_build_env/lib/clang/4.0.1/lib'
ld: warning: ignoring file /Library/Developer/CommandLineTools/SDKs/MacOSX10.14.sdk/usr/lib/libSystem.tbd, file was built for unsupported file format ( 0x2D 0x2D 0x2D 0x20 0x21 0x74 0x61 0x70 0x69 0x2D 0x74 0x62 0x64 0x2D 0x76 0x33 ) which is not the architecture being linked (x86_64): /Library/Developer/CommandLineTools/SDKs/MacOSX10.14.sdk/usr/lib/libSystem.tbd
Undefined symbols for architecture x86_64:
  "___stack_chk_fail", referenced from:
      _main in conftest-da4835.o
  "___stack_chk_guard", referenced from:
      _main in conftest-da4835.o
  "_pipe2", referenced from:
      _t in conftest-da4835.o
  "_printf", referenced from:
      _main in conftest-da4835.o
ld: symbol(s) not found for architecture x86_64
clang-4.0: error: linker command failed with exit code 1 (use -v to see invocation)
checked program was:
/* begin */
 1: #include "ruby.h"
 2: 
 3: #include <unistd.h>
 4: 
 5: /*top*/
 6: extern int t(void);
 7: int main(int argc, char **argv)
 8: {
 9:   if (argc > 1000000) {
10:     int (* volatile tp)(void)=(int (*)(void))&t;
11:     printf("%d", (*tp)());
12:   }
13: 
14:   return 0;
15: }
16: extern void pipe2();
17: int t(void) { pipe2(); return 0; }
/* end */

--------------------

have_func: checking for accept4() in sys/socket.h... -------------------- no

"x86_64-apple-darwin13.4.0-clang -o conftest -I/Users/cmartino/miniconda3/include/ruby-2.6.0/x86_64-darwin17 -I/Users/cmartino/miniconda3/include/ruby-2.6.0/ruby/backward -I/Users/cmartino/miniconda3/include/ruby-2.6.0 -I. -D_FORTIFY_SOURCE=2 -mmacosx-version-min=10.9 -I/Users/cmartino/miniconda3 -D_XOPEN_SOURCE -D_DARWIN_C_SOURCE -D_DARWIN_UNLIMITED_SELECT -D_REENTRANT   -march=core2 -mtune=haswell -mssse3 -ftree-vectorize -fPIC -fPIE -fstack-protector-strong -O2 -pipe -I/Users/cmartino/miniconda3/include -fdebug-prefix-map=/usr/local/miniconda/conda-bld/ruby_1570379348315/work=/usr/local/src/conda/ruby-2.6.5 -fdebug-prefix-map=/Users/cmartino/miniconda3=/usr/local/src/conda-prefix -fno-common conftest.c  -L. -L/Users/cmartino/miniconda3/lib -L. -Wl,-pie -Wl,-headerpad_max_install_names -Wl,-dead_strip_dylibs -Wl,-rpath,/Users/cmartino/miniconda3/lib -L/Users/cmartino/miniconda3/lib -fstack-protector-strong -L/usr/local/miniconda/conda-bld/ruby_1570379348315/_build_env/lib/clang/4.0.1/lib     -lruby.2.6   "
conftest.c:16:57: error: use of undeclared identifier 'accept4'
int t(void) { void ((*volatile p)()); p = (void ((*)()))accept4; return !p; }
                                                        ^
1 error generated.
checked program was:
/* begin */
 1: #include "ruby.h"
 2: 
 3: #include <sys/socket.h>
 4: 
 5: /*top*/
 6: extern int t(void);
 7: int main(int argc, char **argv)
 8: {
 9:   if (argc > 1000000) {
10:     int (* volatile tp)(void)=(int (*)(void))&t;
11:     printf("%d", (*tp)());
12:   }
13: 
14:   return 0;
15: }
16: int t(void) { void ((*volatile p)()); p = (void ((*)()))accept4; return !p; }
/* end */

"x86_64-apple-darwin13.4.0-clang -o conftest -I/Users/cmartino/miniconda3/include/ruby-2.6.0/x86_64-darwin17 -I/Users/cmartino/miniconda3/include/ruby-2.6.0/ruby/backward -I/Users/cmartino/miniconda3/include/ruby-2.6.0 -I. -D_FORTIFY_SOURCE=2 -mmacosx-version-min=10.9 -I/Users/cmartino/miniconda3 -D_XOPEN_SOURCE -D_DARWIN_C_SOURCE -D_DARWIN_UNLIMITED_SELECT -D_REENTRANT   -march=core2 -mtune=haswell -mssse3 -ftree-vectorize -fPIC -fPIE -fstack-protector-strong -O2 -pipe -I/Users/cmartino/miniconda3/include -fdebug-prefix-map=/usr/local/miniconda/conda-bld/ruby_1570379348315/work=/usr/local/src/conda/ruby-2.6.5 -fdebug-prefix-map=/Users/cmartino/miniconda3=/usr/local/src/conda-prefix -fno-common conftest.c  -L. -L/Users/cmartino/miniconda3/lib -L. -Wl,-pie -Wl,-headerpad_max_install_names -Wl,-dead_strip_dylibs -Wl,-rpath,/Users/cmartino/miniconda3/lib -L/Users/cmartino/miniconda3/lib -fstack-protector-strong -L/usr/local/miniconda/conda-bld/ruby_1570379348315/_build_env/lib/clang/4.0.1/lib     -lruby.2.6   "
ld: warning: directory not found for option '-L/usr/local/miniconda/conda-bld/ruby_1570379348315/_build_env/lib/clang/4.0.1/lib'
ld: warning: ignoring file /Library/Developer/CommandLineTools/SDKs/MacOSX10.14.sdk/usr/lib/libSystem.tbd, file was built for unsupported file format ( 0x2D 0x2D 0x2D 0x20 0x21 0x74 0x61 0x70 0x69 0x2D 0x74 0x62 0x64 0x2D 0x76 0x33 ) which is not the architecture being linked (x86_64): /Library/Developer/CommandLineTools/SDKs/MacOSX10.14.sdk/usr/lib/libSystem.tbd
Undefined symbols for architecture x86_64:
  "___stack_chk_fail", referenced from:
      _main in conftest-1185ac.o
  "___stack_chk_guard", referenced from:
      _main in conftest-1185ac.o
  "_accept4", referenced from:
      _t in conftest-1185ac.o
  "_printf", referenced from:
      _main in conftest-1185ac.o
ld: symbol(s) not found for architecture x86_64
clang-4.0: error: linker command failed with exit code 1 (use -v to see invocation)
checked program was:
/* begin */
 1: #include "ruby.h"
 2: 
 3: #include <sys/socket.h>
 4: 
 5: /*top*/
 6: extern int t(void);
 7: int main(int argc, char **argv)
 8: {
 9:   if (argc > 1000000) {
10:     int (* volatile tp)(void)=(int (*)(void))&t;
11:     printf("%d", (*tp)());
12:   }
13: 
14:   return 0;
15: }
16: extern void accept4();
17: int t(void) { accept4(); return 0; }
/* end */

--------------------

have_const: checking for SOCK_CLOEXEC in sys/socket.h... -------------------- no

"x86_64-apple-darwin13.4.0-clang -I/Users/cmartino/miniconda3/include/ruby-2.6.0/x86_64-darwin17 -I/Users/cmartino/miniconda3/include/ruby-2.6.0/ruby/backward -I/Users/cmartino/miniconda3/include/ruby-2.6.0 -I. -D_FORTIFY_SOURCE=2 -mmacosx-version-min=10.9 -I/Users/cmartino/miniconda3 -D_XOPEN_SOURCE -D_DARWIN_C_SOURCE -D_DARWIN_UNLIMITED_SELECT -D_REENTRANT   -march=core2 -mtune=haswell -mssse3 -ftree-vectorize -fPIC -fPIE -fstack-protector-strong -O2 -pipe -I/Users/cmartino/miniconda3/include -fdebug-prefix-map=/usr/local/miniconda/conda-bld/ruby_1570379348315/work=/usr/local/src/conda/ruby-2.6.5 -fdebug-prefix-map=/Users/cmartino/miniconda3=/usr/local/src/conda-prefix -fno-common   -c conftest.c"
conftest.c:7:34: error: use of undeclared identifier 'SOCK_CLOEXEC'
conftest_type conftestval = (int)SOCK_CLOEXEC;
                                 ^
1 error generated.
checked program was:
/* begin */
1: #include "ruby.h"
2: 
3: #include <sys/socket.h>
4: 
5: /*top*/
6: typedef int conftest_type;
7: conftest_type conftestval = (int)SOCK_CLOEXEC;
/* end */

--------------------

have_header: checking for sys/event.h... -------------------- yes

"x86_64-apple-darwin13.4.0-clang -E -I/Users/cmartino/miniconda3/include/ruby-2.6.0/x86_64-darwin17 -I/Users/cmartino/miniconda3/include/ruby-2.6.0/ruby/backward -I/Users/cmartino/miniconda3/include/ruby-2.6.0 -I. -D_FORTIFY_SOURCE=2 -mmacosx-version-min=10.9 -I/Users/cmartino/miniconda3 -D_XOPEN_SOURCE -D_DARWIN_C_SOURCE -D_DARWIN_UNLIMITED_SELECT -D_REENTRANT   -march=core2 -mtune=haswell -mssse3 -ftree-vectorize -fPIC -fPIE -fstack-protector-strong -O2 -pipe -I/Users/cmartino/miniconda3/include -fdebug-prefix-map=/usr/local/miniconda/conda-bld/ruby_1570379348315/work=/usr/local/src/conda/ruby-2.6.5 -fdebug-prefix-map=/Users/cmartino/miniconda3=/usr/local/src/conda-prefix -fno-common  conftest.c -o conftest.i"
checked program was:
/* begin */
1: #include "ruby.h"
2: 
3: #include <sys/event.h>
/* end */

--------------------

have_header: checking for sys/queue.h... -------------------- yes

"x86_64-apple-darwin13.4.0-clang -E -I/Users/cmartino/miniconda3/include/ruby-2.6.0/x86_64-darwin17 -I/Users/cmartino/miniconda3/include/ruby-2.6.0/ruby/backward -I/Users/cmartino/miniconda3/include/ruby-2.6.0 -I. -D_FORTIFY_SOURCE=2 -mmacosx-version-min=10.9 -I/Users/cmartino/miniconda3 -D_XOPEN_SOURCE -D_DARWIN_C_SOURCE -D_DARWIN_UNLIMITED_SELECT -D_REENTRANT   -march=core2 -mtune=haswell -mssse3 -ftree-vectorize -fPIC -fPIE -fstack-protector-strong -O2 -pipe -I/Users/cmartino/miniconda3/include -fdebug-prefix-map=/usr/local/miniconda/conda-bld/ruby_1570379348315/work=/usr/local/src/conda/ruby-2.6.5 -fdebug-prefix-map=/Users/cmartino/miniconda3=/usr/local/src/conda-prefix -fno-common  conftest.c -o conftest.i"
checked program was:
/* begin */
1: #include "ruby.h"
2: 
3: #include <sys/queue.h>
/* end */

--------------------

have_func: checking for clock_gettime()... -------------------- no

"x86_64-apple-darwin13.4.0-clang -o conftest -I/Users/cmartino/miniconda3/include/ruby-2.6.0/x86_64-darwin17 -I/Users/cmartino/miniconda3/include/ruby-2.6.0/ruby/backward -I/Users/cmartino/miniconda3/include/ruby-2.6.0 -I. -D_FORTIFY_SOURCE=2 -mmacosx-version-min=10.9 -I/Users/cmartino/miniconda3 -D_XOPEN_SOURCE -D_DARWIN_C_SOURCE -D_DARWIN_UNLIMITED_SELECT -D_REENTRANT   -march=core2 -mtune=haswell -mssse3 -ftree-vectorize -fPIC -fPIE -fstack-protector-strong -O2 -pipe -I/Users/cmartino/miniconda3/include -fdebug-prefix-map=/usr/local/miniconda/conda-bld/ruby_1570379348315/work=/usr/local/src/conda/ruby-2.6.5 -fdebug-prefix-map=/Users/cmartino/miniconda3=/usr/local/src/conda-prefix -fno-common conftest.c  -L. -L/Users/cmartino/miniconda3/lib -L. -Wl,-pie -Wl,-headerpad_max_install_names -Wl,-dead_strip_dylibs -Wl,-rpath,/Users/cmartino/miniconda3/lib -L/Users/cmartino/miniconda3/lib -fstack-protector-strong -L/usr/local/miniconda/conda-bld/ruby_1570379348315/_build_env/lib/clang/4.0.1/lib     -lruby.2.6   "
conftest.c:14:57: error: use of undeclared identifier 'clock_gettime'
int t(void) { void ((*volatile p)()); p = (void ((*)()))clock_gettime; return !p; }
                                                        ^
1 error generated.
checked program was:
/* begin */
 1: #include "ruby.h"
 2: 
 3: /*top*/
 4: extern int t(void);
 5: int main(int argc, char **argv)
 6: {
 7:   if (argc > 1000000) {
 8:     int (* volatile tp)(void)=(int (*)(void))&t;
 9:     printf("%d", (*tp)());
10:   }
11: 
12:   return 0;
13: }
14: int t(void) { void ((*volatile p)()); p = (void ((*)()))clock_gettime; return !p; }
/* end */

"x86_64-apple-darwin13.4.0-clang -o conftest -I/Users/cmartino/miniconda3/include/ruby-2.6.0/x86_64-darwin17 -I/Users/cmartino/miniconda3/include/ruby-2.6.0/ruby/backward -I/Users/cmartino/miniconda3/include/ruby-2.6.0 -I. -D_FORTIFY_SOURCE=2 -mmacosx-version-min=10.9 -I/Users/cmartino/miniconda3 -D_XOPEN_SOURCE -D_DARWIN_C_SOURCE -D_DARWIN_UNLIMITED_SELECT -D_REENTRANT   -march=core2 -mtune=haswell -mssse3 -ftree-vectorize -fPIC -fPIE -fstack-protector-strong -O2 -pipe -I/Users/cmartino/miniconda3/include -fdebug-prefix-map=/usr/local/miniconda/conda-bld/ruby_1570379348315/work=/usr/local/src/conda/ruby-2.6.5 -fdebug-prefix-map=/Users/cmartino/miniconda3=/usr/local/src/conda-prefix -fno-common conftest.c  -L. -L/Users/cmartino/miniconda3/lib -L. -Wl,-pie -Wl,-headerpad_max_install_names -Wl,-dead_strip_dylibs -Wl,-rpath,/Users/cmartino/miniconda3/lib -L/Users/cmartino/miniconda3/lib -fstack-protector-strong -L/usr/local/miniconda/conda-bld/ruby_1570379348315/_build_env/lib/clang/4.0.1/lib     -lruby.2.6   "
ld: warning: directory not found for option '-L/usr/local/miniconda/conda-bld/ruby_1570379348315/_build_env/lib/clang/4.0.1/lib'
ld: warning: ignoring file /Library/Developer/CommandLineTools/SDKs/MacOSX10.14.sdk/usr/lib/libSystem.tbd, file was built for unsupported file format ( 0x2D 0x2D 0x2D 0x20 0x21 0x74 0x61 0x70 0x69 0x2D 0x74 0x62 0x64 0x2D 0x76 0x33 ) which is not the architecture being linked (x86_64): /Library/Developer/CommandLineTools/SDKs/MacOSX10.14.sdk/usr/lib/libSystem.tbd
Undefined symbols for architecture x86_64:
  "___stack_chk_fail", referenced from:
      _main in conftest-2d197e.o
  "___stack_chk_guard", referenced from:
      _main in conftest-2d197e.o
  "_clock_gettime", referenced from:
      _t in conftest-2d197e.o
  "_printf", referenced from:
      _main in conftest-2d197e.o
ld: symbol(s) not found for architecture x86_64
clang-4.0: error: linker command failed with exit code 1 (use -v to see invocation)
checked program was:
/* begin */
 1: #include "ruby.h"
 2: 
 3: /*top*/
 4: extern int t(void);
 5: int main(int argc, char **argv)
 6: {
 7:   if (argc > 1000000) {
 8:     int (* volatile tp)(void)=(int (*)(void))&t;
 9:     printf("%d", (*tp)());
10:   }
11: 
12:   return 0;
13: }
14: extern void clock_gettime();
15: int t(void) { clock_gettime(); return 0; }
/* end */

--------------------

have_func: checking for gethrtime()... -------------------- no

"x86_64-apple-darwin13.4.0-clang -o conftest -I/Users/cmartino/miniconda3/include/ruby-2.6.0/x86_64-darwin17 -I/Users/cmartino/miniconda3/include/ruby-2.6.0/ruby/backward -I/Users/cmartino/miniconda3/include/ruby-2.6.0 -I. -D_FORTIFY_SOURCE=2 -mmacosx-version-min=10.9 -I/Users/cmartino/miniconda3 -D_XOPEN_SOURCE -D_DARWIN_C_SOURCE -D_DARWIN_UNLIMITED_SELECT -D_REENTRANT   -march=core2 -mtune=haswell -mssse3 -ftree-vectorize -fPIC -fPIE -fstack-protector-strong -O2 -pipe -I/Users/cmartino/miniconda3/include -fdebug-prefix-map=/usr/local/miniconda/conda-bld/ruby_1570379348315/work=/usr/local/src/conda/ruby-2.6.5 -fdebug-prefix-map=/Users/cmartino/miniconda3=/usr/local/src/conda-prefix -fno-common conftest.c  -L. -L/Users/cmartino/miniconda3/lib -L. -Wl,-pie -Wl,-headerpad_max_install_names -Wl,-dead_strip_dylibs -Wl,-rpath,/Users/cmartino/miniconda3/lib -L/Users/cmartino/miniconda3/lib -fstack-protector-strong -L/usr/local/miniconda/conda-bld/ruby_1570379348315/_build_env/lib/clang/4.0.1/lib     -lruby.2.6   "
conftest.c:14:57: error: use of undeclared identifier 'gethrtime'
int t(void) { void ((*volatile p)()); p = (void ((*)()))gethrtime; return !p; }
                                                        ^
1 error generated.
checked program was:
/* begin */
 1: #include "ruby.h"
 2: 
 3: /*top*/
 4: extern int t(void);
 5: int main(int argc, char **argv)
 6: {
 7:   if (argc > 1000000) {
 8:     int (* volatile tp)(void)=(int (*)(void))&t;
 9:     printf("%d", (*tp)());
10:   }
11: 
12:   return 0;
13: }
14: int t(void) { void ((*volatile p)()); p = (void ((*)()))gethrtime; return !p; }
/* end */

"x86_64-apple-darwin13.4.0-clang -o conftest -I/Users/cmartino/miniconda3/include/ruby-2.6.0/x86_64-darwin17 -I/Users/cmartino/miniconda3/include/ruby-2.6.0/ruby/backward -I/Users/cmartino/miniconda3/include/ruby-2.6.0 -I. -D_FORTIFY_SOURCE=2 -mmacosx-version-min=10.9 -I/Users/cmartino/miniconda3 -D_XOPEN_SOURCE -D_DARWIN_C_SOURCE -D_DARWIN_UNLIMITED_SELECT -D_REENTRANT   -march=core2 -mtune=haswell -mssse3 -ftree-vectorize -fPIC -fPIE -fstack-protector-strong -O2 -pipe -I/Users/cmartino/miniconda3/include -fdebug-prefix-map=/usr/local/miniconda/conda-bld/ruby_1570379348315/work=/usr/local/src/conda/ruby-2.6.5 -fdebug-prefix-map=/Users/cmartino/miniconda3=/usr/local/src/conda-prefix -fno-common conftest.c  -L. -L/Users/cmartino/miniconda3/lib -L. -Wl,-pie -Wl,-headerpad_max_install_names -Wl,-dead_strip_dylibs -Wl,-rpath,/Users/cmartino/miniconda3/lib -L/Users/cmartino/miniconda3/lib -fstack-protector-strong -L/usr/local/miniconda/conda-bld/ruby_1570379348315/_build_env/lib/clang/4.0.1/lib     -lruby.2.6   "
ld: warning: directory not found for option '-L/usr/local/miniconda/conda-bld/ruby_1570379348315/_build_env/lib/clang/4.0.1/lib'
ld: warning: ignoring file /Library/Developer/CommandLineTools/SDKs/MacOSX10.14.sdk/usr/lib/libSystem.tbd, file was built for unsupported file format ( 0x2D 0x2D 0x2D 0x20 0x21 0x74 0x61 0x70 0x69 0x2D 0x74 0x62 0x64 0x2D 0x76 0x33 ) which is not the architecture being linked (x86_64): /Library/Developer/CommandLineTools/SDKs/MacOSX10.14.sdk/usr/lib/libSystem.tbd
Undefined symbols for architecture x86_64:
  "___stack_chk_fail", referenced from:
      _main in conftest-650777.o
  "___stack_chk_guard", referenced from:
      _main in conftest-650777.o
  "_gethrtime", referenced from:
      _t in conftest-650777.o
  "_printf", referenced from:
      _main in conftest-650777.o
ld: symbol(s) not found for architecture x86_64
clang-4.0: error: linker command failed with exit code 1 (use -v to see invocation)
checked program was:
/* begin */
 1: #include "ruby.h"
 2: 
 3: /*top*/
 4: extern int t(void);
 5: int main(int argc, char **argv)
 6: {
 7:   if (argc > 1000000) {
 8:     int (* volatile tp)(void)=(int (*)(void))&t;
 9:     printf("%d", (*tp)());
10:   }
11: 
12:   return 0;
13: }
14: extern void gethrtime();
15: int t(void) { gethrtime(); return 0; }
/* end */

--------------------

"x86_64-apple-darwin13.4.0-clang++ -o conftest -I/Users/cmartino/miniconda3/include/ruby-2.6.0/x86_64-darwin17 -I/Users/cmartino/miniconda3/include/ruby-2.6.0/ruby/backward -I/Users/cmartino/miniconda3/include/ruby-2.6.0 -I. -D_FORTIFY_SOURCE=2 -mmacosx-version-min=10.9 -I/Users/cmartino/miniconda3 -D_XOPEN_SOURCE -D_DARWIN_C_SOURCE -D_DARWIN_UNLIMITED_SELECT -D_REENTRANT   -march=core2 -mtune=haswell -mssse3 -ftree-vectorize -fPIC -fPIE -fstack-protector-strong -O2 -pipe -I/Users/cmartino/miniconda3/include -fdebug-prefix-map=/usr/local/miniconda/conda-bld/ruby_1570379348315/work=/usr/local/src/conda/ruby-2.6.5 -fdebug-prefix-map=/Users/cmartino/miniconda3=/usr/local/src/conda-prefix -fno-common conftest.c  -L. -L/Users/cmartino/miniconda3/lib -L. -Wl,-pie -Wl,-headerpad_max_install_names -Wl,-dead_strip_dylibs -Wl,-rpath,/Users/cmartino/miniconda3/lib -L/Users/cmartino/miniconda3/lib -fstack-protector-strong -L/usr/local/miniconda/conda-bld/ruby_1570379348315/_build_env/lib/clang/4.0.1/lib     -lruby.2.6 -Wall  "
clang-4.0: warning: treating 'c' input as 'c++' when in C++ mode, this behavior is deprecated [-Wdeprecated]
ld: warning: directory not found for option '-L/usr/local/miniconda/conda-bld/ruby_1570379348315/_build_env/lib/clang/4.0.1/lib'
ld: warning: ignoring file /Library/Developer/CommandLineTools/SDKs/MacOSX10.14.sdk/usr/lib/libSystem.tbd, file was built for unsupported file format ( 0x2D 0x2D 0x2D 0x20 0x21 0x74 0x61 0x70 0x69 0x2D 0x74 0x62 0x64 0x2D 0x76 0x33 ) which is not the architecture being linked (x86_64): /Library/Developer/CommandLineTools/SDKs/MacOSX10.14.sdk/usr/lib/libSystem.tbd
checked program was:
/* begin */
1: #include "ruby.h"
2: 
3: int main() {return 0;}
/* end */

"x86_64-apple-darwin13.4.0-clang++ -o conftest -I/Users/cmartino/miniconda3/include/ruby-2.6.0/x86_64-darwin17 -I/Users/cmartino/miniconda3/include/ruby-2.6.0/ruby/backward -I/Users/cmartino/miniconda3/include/ruby-2.6.0 -I. -D_FORTIFY_SOURCE=2 -mmacosx-version-min=10.9 -I/Users/cmartino/miniconda3 -D_XOPEN_SOURCE -D_DARWIN_C_SOURCE -D_DARWIN_UNLIMITED_SELECT -D_REENTRANT   -march=core2 -mtune=haswell -mssse3 -ftree-vectorize -fPIC -fPIE -fstack-protector-strong -O2 -pipe -I/Users/cmartino/miniconda3/include -fdebug-prefix-map=/usr/local/miniconda/conda-bld/ruby_1570379348315/work=/usr/local/src/conda/ruby-2.6.5 -fdebug-prefix-map=/Users/cmartino/miniconda3=/usr/local/src/conda-prefix -fno-common conftest.c  -L. -L/Users/cmartino/miniconda3/lib -L. -Wl,-pie -Wl,-headerpad_max_install_names -Wl,-dead_strip_dylibs -Wl,-rpath,/Users/cmartino/miniconda3/lib -L/Users/cmartino/miniconda3/lib -fstack-protector-strong -L/usr/local/miniconda/conda-bld/ruby_1570379348315/_build_env/lib/clang/4.0.1/lib     -lruby.2.6 -Wextra  "
clang-4.0: warning: treating 'c' input as 'c++' when in C++ mode, this behavior is deprecated [-Wdeprecated]
ld: warning: directory not found for option '-L/usr/local/miniconda/conda-bld/ruby_1570379348315/_build_env/lib/clang/4.0.1/lib'
ld: warning: ignoring file /Library/Developer/CommandLineTools/SDKs/MacOSX10.14.sdk/usr/lib/libSystem.tbd, file was built for unsupported file format ( 0x2D 0x2D 0x2D 0x20 0x21 0x74 0x61 0x70 0x69 0x2D 0x74 0x62 0x64 0x2D 0x76 0x33 ) which is not the architecture being linked (x86_64): /Library/Developer/CommandLineTools/SDKs/MacOSX10.14.sdk/usr/lib/libSystem.tbd
checked program was:
/* begin */
1: #include "ruby.h"
2: 
3: int main() {return 0;}
/* end */

"x86_64-apple-darwin13.4.0-clang++ -o conftest -I/Users/cmartino/miniconda3/include/ruby-2.6.0/x86_64-darwin17 -I/Users/cmartino/miniconda3/include/ruby-2.6.0/ruby/backward -I/Users/cmartino/miniconda3/include/ruby-2.6.0 -I. -D_FORTIFY_SOURCE=2 -mmacosx-version-min=10.9 -I/Users/cmartino/miniconda3 -D_XOPEN_SOURCE -D_DARWIN_C_SOURCE -D_DARWIN_UNLIMITED_SELECT -D_REENTRANT   -march=core2 -mtune=haswell -mssse3 -ftree-vectorize -fPIC -fPIE -fstack-protector-strong -O2 -pipe -I/Users/cmartino/miniconda3/include -fdebug-prefix-map=/usr/local/miniconda/conda-bld/ruby_1570379348315/work=/usr/local/src/conda/ruby-2.6.5 -fdebug-prefix-map=/Users/cmartino/miniconda3=/usr/local/src/conda-prefix -fno-common conftest.c  -L. -L/Users/cmartino/miniconda3/lib -L. -Wl,-pie -Wl,-headerpad_max_install_names -Wl,-dead_strip_dylibs -Wl,-rpath,/Users/cmartino/miniconda3/lib -L/Users/cmartino/miniconda3/lib -fstack-protector-strong -L/usr/local/miniconda/conda-bld/ruby_1570379348315/_build_env/lib/clang/4.0.1/lib     -lruby.2.6 -Wno-deprecated-declarations  "
clang-4.0: warning: treating 'c' input as 'c++' when in C++ mode, this behavior is deprecated [-Wdeprecated]
ld: warning: directory not found for option '-L/usr/local/miniconda/conda-bld/ruby_1570379348315/_build_env/lib/clang/4.0.1/lib'
ld: warning: ignoring file /Library/Developer/CommandLineTools/SDKs/MacOSX10.14.sdk/usr/lib/libSystem.tbd, file was built for unsupported file format ( 0x2D 0x2D 0x2D 0x20 0x21 0x74 0x61 0x70 0x69 0x2D 0x74 0x62 0x64 0x2D 0x76 0x33 ) which is not the architecture being linked (x86_64): /Library/Developer/CommandLineTools/SDKs/MacOSX10.14.sdk/usr/lib/libSystem.tbd
checked program was:
/* begin */
1: #include "ruby.h"
2: 
3: int main() {return 0;}
/* end */

"x86_64-apple-darwin13.4.0-clang++ -o conftest -I/Users/cmartino/miniconda3/include/ruby-2.6.0/x86_64-darwin17 -I/Users/cmartino/miniconda3/include/ruby-2.6.0/ruby/backward -I/Users/cmartino/miniconda3/include/ruby-2.6.0 -I. -D_FORTIFY_SOURCE=2 -mmacosx-version-min=10.9 -I/Users/cmartino/miniconda3 -D_XOPEN_SOURCE -D_DARWIN_C_SOURCE -D_DARWIN_UNLIMITED_SELECT -D_REENTRANT   -march=core2 -mtune=haswell -mssse3 -ftree-vectorize -fPIC -fPIE -fstack-protector-strong -O2 -pipe -I/Users/cmartino/miniconda3/include -fdebug-prefix-map=/usr/local/miniconda/conda-bld/ruby_1570379348315/work=/usr/local/src/conda/ruby-2.6.5 -fdebug-prefix-map=/Users/cmartino/miniconda3=/usr/local/src/conda-prefix -fno-common conftest.c  -L. -L/Users/cmartino/miniconda3/lib -L. -Wl,-pie -Wl,-headerpad_max_install_names -Wl,-dead_strip_dylibs -Wl,-rpath,/Users/cmartino/miniconda3/lib -L/Users/cmartino/miniconda3/lib -fstack-protector-strong -L/usr/local/miniconda/conda-bld/ruby_1570379348315/_build_env/lib/clang/4.0.1/lib     -lruby.2.6 -Wno-ignored-qualifiers  "
clang-4.0: warning: treating 'c' input as 'c++' when in C++ mode, this behavior is deprecated [-Wdeprecated]
ld: warning: directory not found for option '-L/usr/local/miniconda/conda-bld/ruby_1570379348315/_build_env/lib/clang/4.0.1/lib'
ld: warning: ignoring file /Library/Developer/CommandLineTools/SDKs/MacOSX10.14.sdk/usr/lib/libSystem.tbd, file was built for unsupported file format ( 0x2D 0x2D 0x2D 0x20 0x21 0x74 0x61 0x70 0x69 0x2D 0x74 0x62 0x64 0x2D 0x76 0x33 ) which is not the architecture being linked (x86_64): /Library/Developer/CommandLineTools/SDKs/MacOSX10.14.sdk/usr/lib/libSystem.tbd
checked program was:
/* begin */
1: #include "ruby.h"
2: 
3: int main() {return 0;}
/* end */

"x86_64-apple-darwin13.4.0-clang++ -o conftest -I/Users/cmartino/miniconda3/include/ruby-2.6.0/x86_64-darwin17 -I/Users/cmartino/miniconda3/include/ruby-2.6.0/ruby/backward -I/Users/cmartino/miniconda3/include/ruby-2.6.0 -I. -D_FORTIFY_SOURCE=2 -mmacosx-version-min=10.9 -I/Users/cmartino/miniconda3 -D_XOPEN_SOURCE -D_DARWIN_C_SOURCE -D_DARWIN_UNLIMITED_SELECT -D_REENTRANT   -march=core2 -mtune=haswell -mssse3 -ftree-vectorize -fPIC -fPIE -fstack-protector-strong -O2 -pipe -I/Users/cmartino/miniconda3/include -fdebug-prefix-map=/usr/local/miniconda/conda-bld/ruby_1570379348315/work=/usr/local/src/conda/ruby-2.6.5 -fdebug-prefix-map=/Users/cmartino/miniconda3=/usr/local/src/conda-prefix -fno-common conftest.c  -L. -L/Users/cmartino/miniconda3/lib -L. -Wl,-pie -Wl,-headerpad_max_install_names -Wl,-dead_strip_dylibs -Wl,-rpath,/Users/cmartino/miniconda3/lib -L/Users/cmartino/miniconda3/lib -fstack-protector-strong -L/usr/local/miniconda/conda-bld/ruby_1570379348315/_build_env/lib/clang/4.0.1/lib     -lruby.2.6 -Wno-unused-result  "
clang-4.0: warning: treating 'c' input as 'c++' when in C++ mode, this behavior is deprecated [-Wdeprecated]
ld: warning: directory not found for option '-L/usr/local/miniconda/conda-bld/ruby_1570379348315/_build_env/lib/clang/4.0.1/lib'
ld: warning: ignoring file /Library/Developer/CommandLineTools/SDKs/MacOSX10.14.sdk/usr/lib/libSystem.tbd, file was built for unsupported file format ( 0x2D 0x2D 0x2D 0x20 0x21 0x74 0x61 0x70 0x69 0x2D 0x74 0x62 0x64 0x2D 0x76 0x33 ) which is not the architecture being linked (x86_64): /Library/Developer/CommandLineTools/SDKs/MacOSX10.14.sdk/usr/lib/libSystem.tbd
checked program was:
/* begin */
1: #include "ruby.h"
2: 
3: int main() {return 0;}
/* end */

"x86_64-apple-darwin13.4.0-clang++ -o conftest -I/Users/cmartino/miniconda3/include/ruby-2.6.0/x86_64-darwin17 -I/Users/cmartino/miniconda3/include/ruby-2.6.0/ruby/backward -I/Users/cmartino/miniconda3/include/ruby-2.6.0 -I. -D_FORTIFY_SOURCE=2 -mmacosx-version-min=10.9 -I/Users/cmartino/miniconda3 -D_XOPEN_SOURCE -D_DARWIN_C_SOURCE -D_DARWIN_UNLIMITED_SELECT -D_REENTRANT   -march=core2 -mtune=haswell -mssse3 -ftree-vectorize -fPIC -fPIE -fstack-protector-strong -O2 -pipe -I/Users/cmartino/miniconda3/include -fdebug-prefix-map=/usr/local/miniconda/conda-bld/ruby_1570379348315/work=/usr/local/src/conda/ruby-2.6.5 -fdebug-prefix-map=/Users/cmartino/miniconda3=/usr/local/src/conda-prefix -fno-common conftest.c  -L. -L/Users/cmartino/miniconda3/lib -L. -Wl,-pie -Wl,-headerpad_max_install_names -Wl,-dead_strip_dylibs -Wl,-rpath,/Users/cmartino/miniconda3/lib -L/Users/cmartino/miniconda3/lib -fstack-protector-strong -L/usr/local/miniconda/conda-bld/ruby_1570379348315/_build_env/lib/clang/4.0.1/lib     -lruby.2.6 -Wno-address  "
clang-4.0: warning: treating 'c' input as 'c++' when in C++ mode, this behavior is deprecated [-Wdeprecated]
ld: warning: directory not found for option '-L/usr/local/miniconda/conda-bld/ruby_1570379348315/_build_env/lib/clang/4.0.1/lib'
ld: warning: ignoring file /Library/Developer/CommandLineTools/SDKs/MacOSX10.14.sdk/usr/lib/libSystem.tbd, file was built for unsupported file format ( 0x2D 0x2D 0x2D 0x20 0x21 0x74 0x61 0x70 0x69 0x2D 0x74 0x62 0x64 0x2D 0x76 0x33 ) which is not the architecture being linked (x86_64): /Library/Developer/CommandLineTools/SDKs/MacOSX10.14.sdk/usr/lib/libSystem.tbd
checked program was:
/* begin */
1: #include "ruby.h"
2: 
3: int main() {return 0;}
/* end */

"x86_64-apple-darwin13.4.0-clang++ -o conftest -I/Users/cmartino/miniconda3/include/ruby-2.6.0/x86_64-darwin17 -I/Users/cmartino/miniconda3/include/ruby-2.6.0/ruby/backward -I/Users/cmartino/miniconda3/include/ruby-2.6.0 -I. -D_FORTIFY_SOURCE=2 -mmacosx-version-min=10.9 -I/Users/cmartino/miniconda3 -D_XOPEN_SOURCE -D_DARWIN_C_SOURCE -D_DARWIN_UNLIMITED_SELECT -D_REENTRANT   -march=core2 -mtune=haswell -mssse3 -ftree-vectorize -fPIC -fPIE -fstack-protector-strong -O2 -pipe -I/Users/cmartino/miniconda3/include -fdebug-prefix-map=/usr/local/miniconda/conda-bld/ruby_1570379348315/work=/usr/local/src/conda/ruby-2.6.5 -fdebug-prefix-map=/Users/cmartino/miniconda3=/usr/local/src/conda-prefix -fno-common conftest.c  -L. -L/Users/cmartino/miniconda3/lib -L. -Wl,-pie -Wl,-headerpad_max_install_names -Wl,-dead_strip_dylibs -Wl,-rpath,/Users/cmartino/miniconda3/lib -L/Users/cmartino/miniconda3/lib -fstack-protector-strong -L/usr/local/miniconda/conda-bld/ruby_1570379348315/_build_env/lib/clang/4.0.1/lib     -lruby.2.6 -lstdc++  "
clang-4.0: warning: treating 'c' input as 'c++' when in C++ mode, this behavior is deprecated [-Wdeprecated]
ld: warning: directory not found for option '-L/usr/local/miniconda/conda-bld/ruby_1570379348315/_build_env/lib/clang/4.0.1/lib'
ld: warning: ignoring file /Library/Developer/CommandLineTools/SDKs/MacOSX10.14.sdk/usr/lib/libSystem.tbd, file was built for unsupported file format ( 0x2D 0x2D 0x2D 0x20 0x21 0x74 0x61 0x70 0x69 0x2D 0x74 0x62 0x64 0x2D 0x76 0x33 ) which is not the architecture being linked (x86_64): /Library/Developer/CommandLineTools/SDKs/MacOSX10.14.sdk/usr/lib/libSystem.tbd
checked program was:
/* begin */
1: #include "ruby.h"
2: 
3:   #include <utility>
4:   using namespace std;
5:   int main(){ pair<const int,int> tuple = make_pair(1,2); }
/* end */

